07/08/2025 05:30:54 PM - WARNING - portfolio.py - (liysk64) tried to update different unassigned portfolio PORTFOLIO ID: 1 / PORTFOLIO STRING ID: industrial
07/08/2025 05:31:56 PM - WARNING - portfolio.py - (liysk64) tried to update different unassigned portfolio PORTFOLIO ID: 1 / PORTFOLIO STRING ID: industrial
07/08/2025 05:35:40 PM - INFO - portfolio.py - (liysk64) updated portfolio PORTFOLIO ID: 1 / PORTFOLIO STRING ID: industrial / ATTRIBUTES: name, description
07/08/2025 05:36:08 PM - INFO - portfolio.py - (liysk64) updated portfolio PORTFOLIO ID: 1 / PORTFOLIO STRING ID: industrial / ATTRIBUTES: name, description
07/08/2025 05:38:41 PM - INFO - portfolio.py - (liysk64) updated portfolio PORTFOLIO ID: 1 / PORTFOLIO STRING ID: industrial / ATTRIBUTES: name
07/08/2025 05:38:58 PM - INFO - portfolio.py - (liysk64) updated portfolio PORTFOLIO ID: 1 / PORTFOLIO STRING ID: industrial / ATTRIBUTES: name
07/08/2025 06:53:33 PM - INFO - auth.py - (liysk64) registered user USERNAME: analyst / FULLNAME: Analyst / ROLE: analyst / TEAM: industrial & ASSIGNED PORTFOLIO STRING ID: industrial
07/08/2025 07:18:23 PM - INFO - auth.py - (liysk64) registered user USERNAME: tmtmanager / FULLNAME: TMT Manager / ROLE: pm / TEAM: tmt 
07/08/2025 07:18:38 PM - INFO - portfolio.py - (liysk64) initialised portfolio ID: 2 / STRING ID: tmt / PM: tmtmanager
07/08/2025 07:18:54 PM - INFO - portfolio.py - (liysk64) deleted portfolio ID: 2 / STRING ID: tmt
07/08/2025 07:18:54 PM - INFO - portfolio.py - (Server) unassigned all users from portfolio ID: 2 / STRING ID: tmt
07/08/2025 07:19:08 PM - INFO - admin.py - (liysk64) deleted user USERNAME: tmtmanager / FULLNAME: TMT Manager
07/08/2025 07:19:16 PM - INFO - admin.py - (liysk64) deleted user USERNAME: analyst / FULLNAME: Analyst
07/08/2025 07:20:10 PM - INFO - auth.py - (liysk64) registered user USERNAME: jmk / FULLNAME: John Maynard Keynes / ROLE: pm / TEAM: na 
07/08/2025 07:20:24 PM - INFO - portfolio.py - (liysk64) initialised portfolio ID: 2 / STRING ID: na / PM: jmk
07/08/2025 07:50:44 PM - INFO - portfolio.py - (liysk64) deleted portfolio ID: 2 / STRING ID: na
07/08/2025 07:50:44 PM - INFO - portfolio.py - (Server) unassigned all users from portfolio ID: 2 / STRING ID: na
07/08/2025 08:08:45 PM - INFO - admin.py - (liysk64) deleted user USERNAME: jmk / FULLNAME: John Maynard Keynes
07/09/2025 02:51:15 PM - INFO - auth.py - (liysk64) registered user USERNAME: analyst / FULLNAME: Analyst / ROLE: analyst / TEAM: industrial & ASSIGNED PORTFOLIO STRING ID: industrial
07/09/2025 02:51:47 PM - INFO - admin.py - (liysk64) updated user USERNAME: analyst / FULLNAME: Maksimilian Nowak / ATTRIBUTES: fullname
07/09/2025 04:07:04 PM - INFO - portfolio.py - (liysk64) updated portfolio PORTFOLIO ID: 1 / PORTFOLIO STRING ID: industrial / ATTRIBUTES: description
07/09/2025 04:25:28 PM - INFO - auth.py - (liysk64) registered user USERNAME: leo / FULLNAME: Leonard Nouira / ROLE: senioranalyst / TEAM: industrial & ASSIGNED PORTFOLIO STRING ID: industrial
07/09/2025 08:38:35 PM - INFO - admin.py - (liysk64) updated user USERNAME: analyst / FULLNAME: Maksimilian Nowak / ATTRIBUTES: portfolio_id
07/09/2025 09:18:06 PM - INFO - admin.py - (liysk64) updated user USERNAME: analyst / FULLNAME: Maksimilian Nowak / ATTRIBUTES: portfolio_id
07/09/2025 09:57:57 PM - INFO - admin.py - (liysk64) updated user USERNAME: alekskopy / FULLNAME: Aleksander Kopycinski / ATTRIBUTES: role
07/09/2025 10:10:19 PM - INFO - auth.py - (liysk64) registered user USERNAME: callumcooper / FULLNAME: Callum Cooper / ROLE: pm / TEAM: industrial & ASSIGNED PORTFOLIO STRING ID: industrial
07/09/2025 10:24:19 PM - INFO - admin.py - (liysk64) updated user USERNAME: callumcooper / FULLNAME: Callum Cooper / ATTRIBUTES: role
07/09/2025 10:24:36 PM - INFO - admin.py - (liysk64) updated user USERNAME: alekskopy / FULLNAME: Aleksander Kopycinski / ATTRIBUTES: role
07/10/2025 11:41:57 AM - INFO - portfolio.py - (liysk64) updated portfolio PORTFOLIO ID: 1 / PORTFOLIO STRING ID: industrial / ATTRIBUTES: name
07/10/2025 11:42:16 AM - INFO - portfolio.py - (liysk64) updated portfolio PORTFOLIO ID: 1 / PORTFOLIO STRING ID: industrial / ATTRIBUTES: name
07/10/2025 11:43:51 AM - INFO - portfolio.py - (liysk64) updated portfolio PORTFOLIO ID: 1 / PORTFOLIO STRING ID: industrial / ATTRIBUTES: name
07/10/2025 11:44:05 AM - INFO - portfolio.py - (liysk64) updated portfolio PORTFOLIO ID: 1 / PORTFOLIO STRING ID: industrial / ATTRIBUTES: name
07/10/2025 11:53:50 AM - INFO - portfolio.py - (liysk64) updated portfolio PORTFOLIO ID: 1 / PORTFOLIO STRING ID: industrial / ATTRIBUTES: name
07/10/2025 11:54:46 AM - INFO - portfolio.py - (liysk64) updated portfolio PORTFOLIO ID: 1 / PORTFOLIO STRING ID: industrial / ATTRIBUTES: description
07/10/2025 12:09:56 PM - INFO - portfolio.py - (liysk64) updated portfolio PORTFOLIO ID: 1 / PORTFOLIO STRING ID: industrial / ATTRIBUTES: name, description
07/10/2025 12:11:21 PM - INFO - admin.py - (liysk64) deleted user USERNAME: analyst / FULLNAME: Maksimilian Nowak
07/10/2025 12:11:51 PM - INFO - admin.py - (liysk64) deleted user USERNAME: leo / FULLNAME: Leonard Nouira
07/10/2025 12:12:07 PM - INFO - admin.py - (liysk64) updated user USERNAME: callumcooper / FULLNAME: Callum Cooper / ATTRIBUTES: role
07/10/2025 12:23:22 PM - INFO - admin.py - (liysk64) deleted user USERNAME: callumcooper / FULLNAME: Callum Cooper
07/10/2025 12:23:45 PM - INFO - auth.py - (liysk64) registered user USERNAME: test / FULLNAME: Test user / ROLE: analyst / TEAM: industrial & ASSIGNED PORTFOLIO STRING ID: industrial
07/10/2025 12:24:36 PM - INFO - admin.py - (liysk64) deleted user USERNAME: test / FULLNAME: Test user
07/10/2025 12:37:27 PM - INFO - auth.py - (liysk64) registered user USERNAME: callumcooper / FULLNAME: Callum Cooper / ROLE: analyst / TEAM: industrial & ASSIGNED PORTFOLIO STRING ID: industrial
07/10/2025 12:38:22 PM - INFO - auth.py - (liysk64) registered user USERNAME: random / FULLNAME: Random An / ROLE: analyst / TEAM: industrial & ASSIGNED PORTFOLIO STRING ID: industrial
07/10/2025 12:39:53 PM - INFO - admin.py - (liysk64) deleted user USERNAME: random / FULLNAME: Random An
07/10/2025 01:04:55 PM - INFO - admin.py - (liysk64) updated user USERNAME: callumcooper / FULLNAME: Callum Cooper / ATTRIBUTES: role, team
07/10/2025 01:05:08 PM - INFO - admin.py - (liysk64) updated user USERNAME: callumcooper / FULLNAME: Callum Cooper / ATTRIBUTES: role, team
07/10/2025 01:06:25 PM - INFO - admin.py - (liysk64) updated user USERNAME: callumcooper / FULLNAME: Callum Cooper / ATTRIBUTES: role, team
07/10/2025 01:06:29 PM - INFO - admin.py - (liysk64) updated user USERNAME: callumcooper / FULLNAME: Callum Cooper / ATTRIBUTES: role, team
07/10/2025 01:06:47 PM - INFO - admin.py - (liysk64) updated user USERNAME: callumcooper / FULLNAME: Callum Cooper / ATTRIBUTES: role, team
07/10/2025 01:13:31 PM - INFO - admin.py - (liysk64) updated user USERNAME: callumcooper / FULLNAME: Callum Cooper / ATTRIBUTES: role, team
07/10/2025 01:15:56 PM - INFO - auth.py - (liysk64) registered user USERNAME: leonou / FULLNAME: Leonard Nouira / ROLE: senioranalyst / TEAM: industrial & ASSIGNED PORTFOLIO STRING ID: industrial
07/10/2025 01:20:16 PM - INFO - auth.py - (liysk64) registered user USERNAME: testuser / FULLNAME: Test User / ROLE: analyst / TEAM: industrial & ASSIGNED PORTFOLIO STRING ID: industrial
07/10/2025 01:20:48 PM - INFO - admin.py - (liysk64) updated user USERNAME: testuser / FULLNAME: Different Test User / ATTRIBUTES: fullname, role, team
07/10/2025 01:21:31 PM - INFO - admin.py - (liysk64) deleted user USERNAME: testuser / FULLNAME: Different Test User
