07/14/2025 05:59:11 PM - INFO - trade.py - (liysk64) created trade TICKER: AVAV / DATE: 2025-07-14 00:00:00
07/14/2025 06:00:58 PM - INFO - trade.py - (liysk64) created trade TICKER: TICK / DATE: 2025-07-14 00:00:00
07/14/2025 06:03:49 PM - INFO - trade.py - (liysk64) created trade TICKER: ANOTH / DATE: 2025-07-14 00:00:00
07/14/2025 06:11:15 PM - INFO - trade.py - (liysk64) created trade TICKER: TICK / DATE: 2025-07-14 00:00:00
07/14/2025 10:21:35 PM - INFO - trade.py - (liysk64) created trade TICKER: DRAPT / DATE: 2025-07-14 00:00:00
07/14/2025 10:31:37 PM - INFO - trade.py - (liysk64) created trade TICKER: TICK / DATE: 2025-07-14 00:00:00
07/14/2025 10:32:18 PM - INFO - trade.py - (liysk64) created trade TICKER: ABC / DATE: 2025-07-14 00:00:00
07/14/2025 10:33:39 PM - INFO - trade.py - (liysk64) created trade TICKER: AN / DATE: 2025-07-14 00:00:00
07/14/2025 10:35:41 PM - INFO - trade.py - (liysk64) created trade TICKER: AVAV / DATE: 2025-07-14 00:00:00
07/14/2025 11:04:41 PM - INFO - trade.py - (liysk64) created trade TICKER: AVAV / DATE: 2025-07-14 00:00:00
07/14/2025 11:30:37 PM - INFO - trade.py - (callumcooper) created trade TICKER: TSLA / DATE: 2025-07-14 00:00:00
07/15/2025 12:14:06 AM - INFO - trade.py - (callumcooper) created trade TICKER: AVAV / DATE: 2025-07-14 00:00:00
07/15/2025 12:35:02 AM - INFO - trade.py - (callumcooper) created trade TICKER: ANOTH / DATE: 2025-07-14 00:00:00
07/15/2025 12:37:24 AM - INFO - trade.py - (callumcooper) created trade TICKER: an / DATE: 2025-07-14 00:00:00
07/15/2025 01:05:48 AM - INFO - trade.py - (liysk64) created trade TICKER: AVAV / DATE: 2025-07-15 00:00:00
07/15/2025 01:07:40 AM - INFO - trade.py - (liysk64) created trade TICKER: DIFF / DATE: 2025-07-15 00:00:00
07/15/2025 05:55:52 PM - INFO - trade.py - (liysk64) created trade TICKER: AVAV / DATE: 2025-07-15 00:00:00
07/15/2025 05:56:34 PM - INFO - trade.py - (liysk64) created trade TICKER: AVAV / DATE: 2025-07-15 00:00:00
07/15/2025 05:58:57 PM - INFO - trade.py - (liysk64) created trade TICKER: AVAV / DATE: 2025-07-15 00:00:00
07/15/2025 07:27:05 PM - INFO - trade.py - (liysk64) created trade TICKER: AVAV / DATE: 2025-07-15 00:00:00
07/15/2025 07:28:22 PM - INFO - trade.py - (liysk64) created trade TICKER: MSFT / DATE: 2025-07-15 00:00:00
07/15/2025 07:29:48 PM - INFO - trade.py - (liysk64) created trade TICKER: AVAV / DATE: 2025-07-15 00:00:00
07/15/2025 07:33:12 PM - INFO - trade.py - (liysk64) created trade TICKER: ZZZ / DATE: 2025-07-15 00:00:00
07/15/2025 07:34:52 PM - INFO - trade.py - (liysk64) created trade TICKER: SOME / DATE: 2025-07-15 00:00:00
07/15/2025 07:38:43 PM - INFO - trade.py - (liysk64) created trade TICKER: AVAV / DATE: 2025-07-15 00:00:00
07/16/2025 06:33:22 PM - INFO - trade.py - (liysk64) created trade TICKER: AVAV / DATE: 2025-07-16 00:00:00
07/16/2025 06:34:04 PM - INFO - trade.py - (liysk64) created trade TICKER: SOME / DATE: 2025-07-16 00:00:00
07/16/2025 06:37:54 PM - INFO - trade.py - (liysk64) created trade TICKER: AVAV / DATE: 2025-07-16 00:00:00
07/16/2025 06:39:46 PM - INFO - trade.py - (liysk64) created trade TICKER: AVAV / DATE: 2025-07-16 00:00:00
